<?xml version="1.0" encoding="UTF-8"?>
<testsuite xmlns:xsi="http://www.w3.org/2001/XMLSchema-instance" xsi:noNamespaceSchemaLocation="https://maven.apache.org/surefire/maven-surefire-plugin/xsd/surefire-test-report.xsd" version="3.0.2" name="taskManager.TaskManagerApplicationTests" time="10.25" tests="1" errors="0" skipped="0" failures="0">
  <properties>
[...]
</properties>
  <testcase name="contextLoads" classname="taskManager.TaskManagerApplicationTests" time="0.455">
    <system-out><![CDATA[20:04:43.421 [main] INFO org.springframework.test.context.support.AnnotationConfigContextLoaderUtils -- Could not detect default configuration classes for test class [taskManager.TaskManagerApplicationTests]: TaskManagerApplicationTests does not declare any static, non-private, non-final, nested classes annotated with @Configuration.
20:04:43.623 [main] INFO org.springframework.boot.test.context.SpringBootTestContextBootstrapper -- Found @SpringBootConfiguration taskManager.TaskManagerApplication for test class taskManager.TaskManagerApplicationTests

  .   ____          _            __ _ _
 /\\ / ___'_ __ _ _(_)_ __  __ _ \ \ \ \
( ( )\___ | '_ | '_| | '_ \/ _` | \ \ \ \
 \\/  ___)| |_)| | | | | || (_| |  ) ) ) )
  '  |____| .__|_| |_|_| |_\__, | / / / /
 =========|_|==============|___/=/_/_/_/

&amp#27;[32m :: Spring Boot :: &amp#27;[39m              &amp#27;[2m (v4.0.3)&amp#27;[0;39m

&amp#27;[36m20:04:44.240&amp#27;[0;39m &amp#27;[32mINFO &amp#27;[0;39m &amp#27;[35m[main]&amp#27;[0;39m &amp#27;[33mt.TaskManagerApplicationTests&amp#27;[0;39m - Starting TaskManagerApplicationTests using Java 25.0.2 with PID 12836 (started by ivan in C:\VS Projects\pet-project-number1\taskManager)
&amp#27;[36m20:04:44.241&amp#27;[0;39m &amp#27;[32mDEBUG&amp#27;[0;39m &amp#27;[35m[main]&amp#27;[0;39m &amp#27;[33mt.TaskManagerApplicationTests&amp#27;[0;39m - Running with Spring Boot v4.0.3, Spring v7.0.5
&amp#27;[36m20:04:44.243&amp#27;[0;39m &amp#27;[32mINFO &amp#27;[0;39m &amp#27;[35m[main]&amp#27;[0;39m &amp#27;[33mt.TaskManagerApplicationTests&amp#27;[0;39m - No active profile set, falling back to 1 default profile: "default"
&amp#27;[36m20:04:45.778&amp#27;[0;39m &amp#27;[32mINFO &amp#27;[0;39m &amp#27;[35m[main]&amp#27;[0;39m &amp#27;[33mo.s.d.r.c.RepositoryConfigurationDelegate&amp#27;[0;39m - Bootstrapping Spring Data JPA repositories in DEFAULT mode.
&amp#27;[36m20:04:45.886&amp#27;[0;39m &amp#27;[32mINFO &amp#27;[0;39m &amp#27;[35m[main]&amp#27;[0;39m &amp#27;[33mo.s.d.r.c.RepositoryConfigurationDelegate&amp#27;[0;39m - Finished Spring Data repository scanning in 96 ms. Found 4 JPA repository interfaces.
&amp#27;[36m20:04:46.677&amp#27;[0;39m &amp#27;[32mINFO &amp#27;[0;39m &amp#27;[35m[main]&amp#27;[0;39m &amp#27;[33morg.hibernate.orm.jpa&amp#27;[0;39m - HHH008540: Processing PersistenceUnitInfo [name: default]
&amp#27;[36m20:04:46.751&amp#27;[0;39m &amp#27;[32mINFO &amp#27;[0;39m &amp#27;[35m[main]&amp#27;[0;39m &amp#27;[33morg.hibernate.orm.core&amp#27;[0;39m - HHH000001: Hibernate ORM core version 7.2.4.Final
&amp#27;[36m20:04:47.461&amp#27;[0;39m &amp#27;[32mINFO &amp#27;[0;39m &amp#27;[35m[main]&amp#27;[0;39m &amp#27;[33mo.s.o.j.p.SpringPersistenceUnitInfo&amp#27;[0;39m - No LoadTimeWeaver setup: ignoring JPA class transformer
&amp#27;[36m20:04:47.499&amp#27;[0;39m &amp#27;[32mINFO &amp#27;[0;39m &amp#27;[35m[main]&amp#27;[0;39m &amp#27;[33mcom.zaxxer.hikari.HikariDataSource&amp#27;[0;39m - HikariPool-1 - Starting...
&amp#27;[36m20:04:47.747&amp#27;[0;39m &amp#27;[32mINFO &amp#27;[0;39m &amp#27;[35m[main]&amp#27;[0;39m &amp#27;[33mcom.zaxxer.hikari.pool.HikariPool&amp#27;[0;39m - HikariPool-1 - Added connection org.postgresql.jdbc.PgConnection@1f24e33d
&amp#27;[36m20:04:47.749&amp#27;[0;39m &amp#27;[32mINFO &amp#27;[0;39m &amp#27;[35m[main]&amp#27;[0;39m &amp#27;[33mcom.zaxxer.hikari.HikariDataSource&amp#27;[0;39m - HikariPool-1 - Start completed.
&amp#27;[36m20:04:47.846&amp#27;[0;39m &amp#27;[32mINFO &amp#27;[0;39m &amp#27;[35m[main]&amp#27;[0;39m &amp#27;[33mo.hibernate.orm.connections.pooling&amp#27;[0;39m - HHH10001005: Database info:
	Database JDBC URL [jdbc:postgresql://localhost:5432/postgres]
	Database driver: PostgreSQL JDBC Driver
	Database dialect: PostgreSQLDialect
	Database version: 18.1
	Default catalog/schema: postgres/public
	Autocommit mode: undefined/unknown
	Isolation level: READ_COMMITTED [default READ_COMMITTED]
	JDBC fetch size: none
	Pool: DataSourceConnectionProvider
	Minimum pool size: undefined/unknown
	Maximum pool size: undefined/unknown
&amp#27;[36m20:04:49.258&amp#27;[0;39m &amp#27;[32mINFO &amp#27;[0;39m &amp#27;[35m[main]&amp#27;[0;39m &amp#27;[33morg.hibernate.orm.core&amp#27;[0;39m - HHH000489: No JTA platform available (set 'hibernate.transaction.jta.platform' to enable JTA platform integration)
&amp#27;[36m20:04:49.380&amp#27;[0;39m &amp#27;[32mINFO &amp#27;[0;39m &amp#27;[35m[main]&amp#27;[0;39m &amp#27;[33mo.s.o.j.LocalContainerEntityManagerFactoryBean&amp#27;[0;39m - Initialized JPA EntityManagerFactory for persistence unit 'default'
&amp#27;[36m20:04:49.519&amp#27;[0;39m &amp#27;[32mINFO &amp#27;[0;39m &amp#27;[35m[main]&amp#27;[0;39m &amp#27;[33mo.s.d.j.r.q.QueryEnhancerFactories&amp#27;[0;39m - Hibernate is in classpath; If applicable, HQL parser will be used.
&amp#27;[36m20:04:51.024&amp#27;[0;39m &amp#27;[32mINFO &amp#27;[0;39m &amp#27;[35m[main]&amp#27;[0;39m &amp#27;[33mo.s.s.c.a.a.c.InitializeUserDetailsBeanManagerConfigurer$InitializeUserDetailsManagerConfigurer&amp#27;[0;39m - Global AuthenticationManager configured with UserDetailsService bean with name customUserDetailsService
&amp#27;[36m20:04:51.330&amp#27;[0;39m &amp#27;[33mWARN &amp#27;[0;39m &amp#27;[35m[main]&amp#27;[0;39m &amp#27;[33mo.s.b.j.a.JpaBaseConfiguration$JpaWebConfiguration&amp#27;[0;39m - spring.jpa.open-in-view is enabled by default. Therefore, database queries may be performed during view rendering. Explicitly configure spring.jpa.open-in-view to disable this warning
&amp#27;[36m20:04:52.670&amp#27;[0;39m &amp#27;[32mINFO &amp#27;[0;39m &amp#27;[35m[main]&amp#27;[0;39m &amp#27;[33mo.s.b.a.e.web.EndpointLinksResolver&amp#27;[0;39m - Exposing 1 endpoint beneath base path '/actuator'
&amp#27;[36m20:04:52.769&amp#27;[0;39m &amp#27;[32mINFO &amp#27;[0;39m &amp#27;[35m[main]&amp#27;[0;39m &amp#27;[33mt.TaskManagerApplicationTests&amp#27;[0;39m - Started TaskManagerApplicationTests in 8.907 seconds (process running for 10.854)
&amp#27;[36m20:04:52.892&amp#27;[0;39m &amp#27;[33mWARN &amp#27;[0;39m &amp#27;[35m[main]&amp#27;[0;39m &amp#27;[33mo.s.c.events.SpringDocAppInitializer&amp#27;[0;39m - SpringDoc /v3/api-docs endpoint is enabled by default. To disable it in production, set the property 'springdoc.api-docs.enabled=false'
&amp#27;[36m20:04:52.892&amp#27;[0;39m &amp#27;[33mWARN &amp#27;[0;39m &amp#27;[35m[main]&amp#27;[0;39m &amp#27;[33mo.s.c.events.SpringDocAppInitializer&amp#27;[0;39m - SpringDoc /swagger-ui.html endpoint is enabled by default. To disable it in production, set the property 'springdoc.swagger-ui.enabled=false'
]]></system-out>
    <system-err><![CDATA[Mockito is currently self-attaching to enable the inline-mock-maker. This will no longer work in future releases of the JDK. Please add Mockito as an agent to your build as described in Mockito's documentation: https://javadoc.io/doc/org.mockito/mockito-core/latest/org.mockito/org/mockito/Mockito.html#0.3
WARNING: A Java agent has been loaded dynamically (C:\Users\ivan\.m2\repository\net\bytebuddy\byte-buddy-agent\1.17.8\byte-buddy-agent-1.17.8.jar)
WARNING: If a serviceability tool is in use, please run with -XX:+EnableDynamicAgentLoading to hide this warning
WARNING: If a serviceability tool is not in use, please run with -Djdk.instrument.traceUsage for more information
WARNING: Dynamic loading of agents will be disallowed by default in a future release
]]></system-err>
  </testcase>
</testsuite>